[debug] [2022-10-27T01:07:38.562Z] ----------------------------------------------------------------------
[debug] [2022-10-27T01:07:38.563Z] Command:       /usr/local/bin/node /usr/local/bin/firebase deploy
[debug] [2022-10-27T01:07:38.563Z] CLI Version:   11.15.0
[debug] [2022-10-27T01:07:38.563Z] Platform:      darwin
[debug] [2022-10-27T01:07:38.563Z] Node Version:  v16.16.0
[debug] [2022-10-27T01:07:38.564Z] Time:          Thu Oct 27 2022 08:07:38 GMT+0700 (Indochina Time)
[debug] [2022-10-27T01:07:38.564Z] ----------------------------------------------------------------------
[debug] 
[debug] [2022-10-27T01:07:38.593Z] > command requires scopes: ["email","openid","https://www.googleapis.com/auth/cloudplatformprojects.readonly","https://www.googleapis.com/auth/firebase","https://www.googleapis.com/auth/cloud-platform"]
[debug] [2022-10-27T01:07:38.594Z] > authorizing via signed-in user (hoang.nguyendola2000@hcmut.edu.vn)
[debug] [2022-10-27T01:07:38.594Z] [iam] checking project evalley-frontend for permissions ["firebase.projects.get","firebasehosting.sites.update"]
[debug] [2022-10-27T01:07:38.595Z] >>> [apiv2][query] POST https://cloudresourcemanager.googleapis.com/v1/projects/evalley-frontend:testIamPermissions [none]
[debug] [2022-10-27T01:07:38.595Z] >>> [apiv2][(partial)header] POST https://cloudresourcemanager.googleapis.com/v1/projects/evalley-frontend:testIamPermissions x-goog-quota-user=projects/evalley-frontend
[debug] [2022-10-27T01:07:38.595Z] >>> [apiv2][body] POST https://cloudresourcemanager.googleapis.com/v1/projects/evalley-frontend:testIamPermissions {"permissions":["firebase.projects.get","firebasehosting.sites.update"]}
[debug] [2022-10-27T01:07:39.065Z] <<< [apiv2][status] POST https://cloudresourcemanager.googleapis.com/v1/projects/evalley-frontend:testIamPermissions 200
[debug] [2022-10-27T01:07:39.065Z] <<< [apiv2][body] POST https://cloudresourcemanager.googleapis.com/v1/projects/evalley-frontend:testIamPermissions {}
[debug] [2022-10-27T01:07:39.065Z] [iam] error while checking permissions, command may fail: FirebaseError: Authorization failed. This account is missing the following required permissions on project evalley-frontend:

  firebase.projects.get
  firebasehosting.sites.update
[debug] [2022-10-27T01:07:39.066Z] >>> [apiv2][query] GET https://firebase.googleapis.com/v1beta1/projects/evalley-frontend [none]
[debug] [2022-10-27T01:07:39.544Z] <<< [apiv2][status] GET https://firebase.googleapis.com/v1beta1/projects/evalley-frontend 403
[debug] [2022-10-27T01:07:39.545Z] <<< [apiv2][body] GET https://firebase.googleapis.com/v1beta1/projects/evalley-frontend {"error":{"code":403,"message":"The caller does not have permission","status":"PERMISSION_DENIED"}}
[debug] [2022-10-27T01:07:39.546Z] HTTP Error: 403, The caller does not have permission
[debug] [2022-10-27T01:07:39.709Z] FirebaseError: HTTP Error: 403, The caller does not have permission
    at responseToError (/usr/local/lib/node_modules/firebase-tools/lib/responseToError.js:49:12)
    at RetryOperation._fn (/usr/local/lib/node_modules/firebase-tools/lib/apiv2.js:288:77)
    at processTicksAndRejections (node:internal/process/task_queues:96:5)
[error] 
[error] Error: Failed to get Firebase project evalley-frontend. Please make sure the project exists and your account has permission to access it.
